<?xml version="1.0" encoding="UTF-8" ?>
<testsuite tests="12" failures="0" name="game0x88.HashTest" time="0.03" errors="0" skipped="0">
  <properties>
    <property name="java.runtime.name" value="Java(TM) SE Runtime Environment"/>
    <property name="java.vm.version" value="11.0.3+12-LTS"/>
    <property name="sun.boot.library.path" value="C:\Program Files\Java\jdk-11.0.3\bin"/>
    <property name="user.country.format" value="SE"/>
    <property name="maven.multiModuleProjectDirectory" value="E:/Albin/git/chess-engine"/>
    <property name="java.vm.vendor" value="Oracle Corporation"/>
    <property name="java.vendor.url" value="http://java.oracle.com/"/>
    <property name="guice.disable.misplaced.annotation.check" value="true"/>
    <property name="path.separator" value=";"/>
    <property name="java.vm.name" value="Java HotSpot(TM) 64-Bit Server VM"/>
    <property name="sun.os.patch.level" value=""/>
    <property name="user.script" value=""/>
    <property name="user.country" value="US"/>
    <property name="sun.java.launcher" value="SUN_STANDARD"/>
    <property name="java.vm.specification.name" value="Java Virtual Machine Specification"/>
    <property name="user.dir" value="E:\Albin\git\chess-engine"/>
    <property name="java.vm.compressedOopsMode" value="Zero based"/>
    <property name="java.runtime.version" value="11.0.3+12-LTS"/>
    <property name="java.awt.graphicsenv" value="sun.awt.Win32GraphicsEnvironment"/>
    <property name="os.arch" value="amd64"/>
    <property name="java.io.tmpdir" value="C:\Users\Albin\AppData\Local\Temp\"/>
    <property name="line.separator" value="
"/>
    <property name="java.vm.specification.vendor" value="Oracle Corporation"/>
    <property name="user.variant" value=""/>
    <property name="os.name" value="Windows 10"/>
    <property name="classworlds.conf" value="E:/Program/Maven/apache-maven-3.6.0/bin/m2.conf"/>
    <property name="sun.jnu.encoding" value="Cp1252"/>
    <property name="java.library.path" value="C:\Program Files\Java\jdk-11.0.3\bin;C:\WINDOWS\Sun\Java\bin;C:\WINDOWS\system32;C:\WINDOWS;E:\Albin\git\bin;E:\Program\Git\mingw64\bin;E:\Program\Git\usr\local\bin;E:\Program\Git\usr\bin;E:\Program\Git\usr\bin;E:\Program\Git\mingw64\bin;E:\Program\Git\usr\bin;C:\Users\Albin\bin;C:\WINDOWS\system32;C:\WINDOWS;C:\WINDOWS\System32\Wbem;C:\WINDOWS\System32\WindowsPowerShell\v1.0;E:\Program\nodejs;C:\WINDOWS\System32\OpenSSH;C:\Program Files\Java\jdk-11.0.4\bin;C:\Users\Albin\AppData\Local\Microsoft\WindowsApps;C:\Users\Albin\AppData\Roaming\npm;E:\Program\Python27;E:\Program\Python27\Scripts;E:\Program\Maven\apache-maven-3.6.0\bin;E:\Program\Git\usr\bin\vendor_perl;E:\Program\Git\usr\bin\core_perl;."/>
    <property name="maven.conf" value="E:/Program/Maven/apache-maven-3.6.0/conf"/>
    <property name="jdk.debug" value="release"/>
    <property name="java.class.version" value="55.0"/>
    <property name="java.specification.name" value="Java Platform API Specification"/>
    <property name="sun.management.compiler" value="HotSpot 64-Bit Tiered Compilers"/>
    <property name="os.version" value="10.0"/>
    <property name="library.jansi.path" value="E:/Program/Maven/apache-maven-3.6.0/lib/jansi-native"/>
    <property name="user.home" value="C:\Users\Albin"/>
    <property name="user.timezone" value="Europe/Berlin"/>
    <property name="java.awt.printerjob" value="sun.awt.windows.WPrinterJob"/>
    <property name="file.encoding" value="Cp1252"/>
    <property name="java.specification.version" value="11"/>
    <property name="user.name" value="Albin"/>
    <property name="java.class.path" value="E:/Program/Maven/apache-maven-3.6.0/boot/plexus-classworlds-2.5.2.jar"/>
    <property name="java.vm.specification.version" value="11"/>
    <property name="sun.arch.data.model" value="64"/>
    <property name="sun.java.command" value="org.codehaus.plexus.classworlds.launcher.Launcher install"/>
    <property name="java.home" value="C:\Program Files\Java\jdk-11.0.3"/>
    <property name="user.language" value="en"/>
    <property name="java.specification.vendor" value="Oracle Corporation"/>
    <property name="user.language.format" value="sv"/>
    <property name="awt.toolkit" value="sun.awt.windows.WToolkit"/>
    <property name="java.vm.info" value="mixed mode"/>
    <property name="java.version" value="11.0.3"/>
    <property name="java.vendor" value="Oracle Corporation"/>
    <property name="maven.home" value="E:\Program\Maven\apache-maven-3.6.0"/>
    <property name="file.separator" value="\"/>
    <property name="java.version.date" value="2019-04-16"/>
    <property name="java.vendor.url.bug" value="http://bugreport.java.com/bugreport/"/>
    <property name="sun.io.unicode.encoding" value="UnicodeLittle"/>
    <property name="sun.cpu.endian" value="little"/>
    <property name="java.vendor.version" value="18.9"/>
    <property name="sun.desktop" value="windows"/>
    <property name="sun.cpu.isalist" value="amd64"/>
  </properties>
  <testcase classname="game0x88.HashTest" name="hashShouldTakeInAccountEnPassantRevert" time="0"/>
  <testcase classname="game0x88.HashTest" name="hashShouldNotChangeOnEvaluating" time="0.022"/>
  <testcase classname="game0x88.HashTest" name="hashShouldTakeInAccountEnPassant" time="0.001"/>
  <testcase classname="game0x88.HashTest" name="hashShouldBeSameAfterRevertedCapture" time="0"/>
  <testcase classname="game0x88.HashTest" name="hashShouldChangeOnMove" time="0.001"/>
  <testcase classname="game0x88.HashTest" name="hashShouldBeSameAfterRevert" time="0"/>
  <testcase classname="game0x88.HashTest" name="hashShouldTakeTurnIntoAccount" time="0.001"/>
  <testcase classname="game0x88.HashTest" name="hashShouldBeSameOnSamePosition" time="0"/>
  <testcase classname="game0x88.HashTest" name="hashShouldBeSameAfterRevertEnPassant" time="0.001"/>
  <testcase classname="game0x88.HashTest" name="hashShouldBeSameAfterRevertCastle" time="0.001"/>
  <testcase classname="game0x88.HashTest" name="hashShouldTakeInAccountCastling" time="0.001"/>
  <testcase classname="game0x88.HashTest" name="hashShouldTakeInAccountCastlingFen" time="0.002"/>
</testsuite>